/*C3*/SET SCHEMA PUBLIC
CREATE CACHED TABLE jam_virtual_wiki ( virtual_wiki_id INTEGER NOT NULL, virtual_wiki_name VARCHAR(100) NOT NULL, default_topic_name VARCHAR(200), create_date TIMESTAMP DEFAULT CURRENT_TIMESTAMP NOT NULL, logo_image_url VARCHAR(200), site_name VARCHAR(200), meta_description VARCHAR(500), CONSTRAINT jam_p_vwiki PRIMARY KEY (virtual_wiki_id), CONSTRAINT jam_u_vwiki_name UNIQUE (virtual_wiki_name) )
CREATE CACHED TABLE jam_users ( username VARCHAR_IGNORECASE(100) NOT NULL, password VARCHAR(100) NOT NULL, enabled INTEGER DEFAULT 1 NOT NULL, challenge_value varchar(100), challenge_date timestamp, challenge_ip varchar(39), challenge_tries integer DEFAULT 0 NOT NULL, CONSTRAINT jam_p_users PRIMARY KEY (username) )
CREATE CACHED TABLE jam_wiki_user ( wiki_user_id INTEGER NOT NULL, login VARCHAR_IGNORECASE(100) NOT NULL, display_name VARCHAR(100), create_date TIMESTAMP DEFAULT CURRENT_TIMESTAMP NOT NULL, last_login_date TIMESTAMP DEFAULT CURRENT_TIMESTAMP NOT NULL, create_ip_address VARCHAR(39) NOT NULL, last_login_ip_address VARCHAR(39) NOT NULL, email VARCHAR(100), CONSTRAINT jam_p_wuser PRIMARY KEY (wiki_user_id), CONSTRAINT jam_f_wuser_users FOREIGN KEY (login) REFERENCES jam_users(username) )
CREATE UNIQUE INDEX jam_u_wuser_login on jam_wiki_user (login) 
CREATE TABLE jam_user_preferences_defaults ( pref_key VARCHAR(100), pref_value VARCHAR(250), pref_group_key VARCHAR(100), seq_nr INTEGER, CONSTRAINT jam_p_uprefdef PRIMARY KEY (pref_key) )
CREATE TABLE jam_user_preferences ( wiki_user_id INTEGER, pref_key VARCHAR(100), pref_value VARCHAR(250), CONSTRAINT jam_p_upref PRIMARY KEY (wiki_user_id, pref_key), CONSTRAINT jam_f_upref_uwiki FOREIGN KEY (wiki_user_id) REFERENCES jam_wiki_user (wiki_user_id), CONSTRAINT jam_f_upref_uprefdef FOREIGN KEY (pref_key) REFERENCES jam_user_preferences_defaults (pref_key) )
CREATE INDEX jam_u_upref ON jam_user_preferences(wiki_user_id)
CREATE TABLE jam_namespace ( namespace_id INTEGER NOT NULL, namespace VARCHAR(200) NOT NULL, main_namespace_id INTEGER, CONSTRAINT jam_p_namesp PRIMARY KEY (namespace_id), CONSTRAINT jam_u_namesp_namesp UNIQUE (namespace), CONSTRAINT jam_f_namesp_namesp FOREIGN KEY (main_namespace_id) REFERENCES jam_namespace(namespace_id) )
CREATE TABLE jam_namespace_translation ( namespace_id INTEGER NOT NULL, virtual_wiki_id INTEGER NOT NULL, namespace VARCHAR(200) NOT NULL, CONSTRAINT jam_p_namesptr PRIMARY KEY (namespace_id, virtual_wiki_id), CONSTRAINT jam_f_namesptr_namesp FOREIGN KEY (namespace_id) REFERENCES jam_namespace(namespace_id), CONSTRAINT jam_f_namesptr_vwiki FOREIGN KEY (virtual_wiki_id) REFERENCES jam_virtual_wiki(virtual_wiki_id), CONSTRAINT jam_u_namesptr_namesp UNIQUE (virtual_wiki_id, namespace) )
CREATE CACHED TABLE jam_topic ( topic_id INTEGER NOT NULL, virtual_wiki_id INTEGER NOT NULL, namespace_id INTEGER DEFAULT 0 NOT NULL, topic_name VARCHAR(200) NOT NULL, page_name VARCHAR(200) NOT NULL, page_name_lower VARCHAR(200) NOT NULL, delete_date TIMESTAMP, topic_read_only INTEGER DEFAULT 0 NOT NULL, topic_admin_only INTEGER DEFAULT 0 NOT NULL, current_version_id INTEGER, topic_type INTEGER NOT NULL, redirect_to VARCHAR(200), CONSTRAINT jam_p_topic PRIMARY KEY (topic_id), CONSTRAINT jam_f_topic_vwiki FOREIGN KEY (virtual_wiki_id) REFERENCES jam_virtual_wiki(virtual_wiki_id), CONSTRAINT jam_f_topic_namesp FOREIGN KEY (namespace_id) REFERENCES jam_namespace(namespace_id), CONSTRAINT jam_u_topic_name UNIQUE (topic_name, virtual_wiki_id, delete_date) )
CREATE INDEX jam_i_topic_pgnm on jam_topic (page_name) 
CREATE INDEX jam_i_topic_pgnml on jam_topic (page_name_lower) 
CREATE INDEX jam_i_topic_nmsp on jam_topic (namespace_id) 
CREATE INDEX jam_i_topic_vwiki on jam_topic (virtual_wiki_id)
CREATE INDEX jam_i_topic_cver on jam_topic (current_version_id) 
CREATE CACHED TABLE jam_topic_version ( topic_version_id INTEGER NOT NULL, topic_id INTEGER NOT NULL, edit_comment VARCHAR(200), version_content LONGVARCHAR, wiki_user_id INTEGER, wiki_user_display VARCHAR(100) NOT NULL, edit_date TIMESTAMP DEFAULT CURRENT_TIMESTAMP NOT NULL, edit_type INTEGER NOT NULL, previous_topic_version_id INTEGER, characters_changed INTEGER, version_params VARCHAR(500), CONSTRAINT jam_p_topic_ver PRIMARY KEY (topic_version_id), CONSTRAINT jam_f_topicv_topic FOREIGN KEY (topic_id) REFERENCES jam_topic(topic_id), CONSTRAINT jam_f_topicv_wuser FOREIGN KEY (wiki_user_id) REFERENCES jam_wiki_user(wiki_user_id), CONSTRAINT jam_f_topicv_pver FOREIGN KEY (previous_topic_version_id) REFERENCES jam_topic_version(topic_version_id) )
CREATE INDEX jam_i_topicv_topic on jam_topic_version (topic_id) 
CREATE INDEX jam_i_topicv_prv on jam_topic_version (previous_topic_version_id) 
CREATE INDEX jam_i_topicv_udisp on jam_topic_version (wiki_user_display) 
CREATE INDEX jam_i_topicv_uid on jam_topic_version (wiki_user_id) 
ALTER TABLE jam_topic add constraint jam_f_topic_topicv FOREIGN KEY (current_version_id) REFERENCES jam_topic_version(topic_version_id) 
CREATE CACHED TABLE jam_topic_links ( topic_id INTEGER NOT NULL, link_topic_namespace_id INTEGER DEFAULT 0 NOT NULL, link_topic_page_name VARCHAR(200) NOT NULL, CONSTRAINT jam_p_topic_links PRIMARY KEY (topic_id, link_topic_namespace_id, link_topic_page_name), CONSTRAINT jam_f_tlink_namesp FOREIGN KEY (link_topic_namespace_id) REFERENCES jam_namespace(namespace_id) )
CREATE INDEX jam_i_topic_links_tnm on jam_topic_links (link_topic_page_name) 
CREATE CACHED TABLE jam_file ( file_id INTEGER NOT NULL, virtual_wiki_id INTEGER NOT NULL, file_name VARCHAR(200) NOT NULL, delete_date TIMESTAMP, file_read_only INTEGER DEFAULT 0 NOT NULL, file_admin_only INTEGER DEFAULT 0 NOT NULL, file_url VARCHAR(200) NOT NULL, mime_type VARCHAR(100) NOT NULL, topic_id INTEGER NOT NULL, file_size INTEGER NOT NULL, CONSTRAINT jam_p_file PRIMARY KEY (file_id), CONSTRAINT jam_f_file_vwiki FOREIGN KEY (virtual_wiki_id) REFERENCES jam_virtual_wiki(virtual_wiki_id), CONSTRAINT jam_f_file_topic FOREIGN KEY (topic_id) REFERENCES jam_topic(topic_id), CONSTRAINT jam_u_file_url UNIQUE (file_url), CONSTRAINT jam_u_file_topic UNIQUE (virtual_wiki_id, topic_id) )
CREATE CACHED TABLE jam_file_version ( file_version_id INTEGER NOT NULL, file_id INTEGER NOT NULL, upload_comment VARCHAR(200), file_url VARCHAR(200) NOT NULL, wiki_user_id INTEGER, wiki_user_display VARCHAR(100) NOT NULL, upload_date TIMESTAMP DEFAULT CURRENT_TIMESTAMP NOT NULL, mime_type VARCHAR(100) NOT NULL, file_size INTEGER NOT NULL, CONSTRAINT jam_p_file_ver PRIMARY KEY (file_version_id), CONSTRAINT jam_f_filev_file FOREIGN KEY (file_id) REFERENCES jam_file(file_id), CONSTRAINT jam_f_filev_wuser FOREIGN KEY (wiki_user_id) REFERENCES jam_wiki_user(wiki_user_id), CONSTRAINT jam_u_filev_url UNIQUE (file_url) )
CREATE CACHED TABLE jam_category ( child_topic_id INTEGER NOT NULL, category_name VARCHAR(200) NOT NULL, sort_key VARCHAR(200), CONSTRAINT jam_p_category PRIMARY KEY (child_topic_id, category_name), CONSTRAINT jam_f_cat_child_id FOREIGN KEY (child_topic_id) REFERENCES jam_topic(topic_id) )
CREATE INDEX jam_i_category_cti on jam_category (child_topic_id) 
CREATE CACHED TABLE jam_group ( group_id INTEGER NOT NULL, group_name VARCHAR(30) NOT NULL, group_description VARCHAR(200), CONSTRAINT jam_p_group PRIMARY KEY (group_id), CONSTRAINT jam_u_group_name UNIQUE (group_name) )
CREATE CACHED TABLE jam_group_members ( id INTEGER NOT NULL, username VARCHAR_IGNORECASE(100) NOT NULL, group_id INTEGER NOT NULL, CONSTRAINT jam_p_gmemb PRIMARY KEY (id), CONSTRAINT jam_f_gmemb_username FOREIGN KEY (username) REFERENCES jam_users(username), CONSTRAINT jam_f_gmemb_group FOREIGN KEY (group_id) REFERENCES jam_group(group_id) )
CREATE CACHED TABLE jam_role ( role_name VARCHAR(30) NOT NULL, role_description VARCHAR(200), CONSTRAINT jam_p_role PRIMARY KEY (role_name) )
CREATE CACHED TABLE jam_authorities ( username VARCHAR_IGNORECASE(100) NOT NULL, authority VARCHAR(30) NOT NULL, CONSTRAINT jam_u_auth UNIQUE (username, authority), CONSTRAINT jam_f_auth_username FOREIGN KEY (username) REFERENCES jam_users(username), CONSTRAINT jam_f_auth_authority FOREIGN KEY (authority) REFERENCES jam_role(role_name) )
CREATE CACHED TABLE jam_group_authorities ( group_id INTEGER NOT NULL, authority VARCHAR(30) NOT NULL, CONSTRAINT jam_u_gauth UNIQUE (group_id, authority), CONSTRAINT jam_f_gauth_group FOREIGN KEY (group_id) REFERENCES jam_group(group_id), CONSTRAINT jam_f_gauth_authority FOREIGN KEY (authority) REFERENCES jam_role(role_name) )
CREATE CACHED TABLE jam_log ( log_date TIMESTAMP DEFAULT CURRENT_TIMESTAMP NOT NULL, virtual_wiki_id INTEGER NOT NULL, wiki_user_id INTEGER, display_name VARCHAR(200) NOT NULL, topic_id INTEGER, topic_version_id INTEGER, log_type INTEGER NOT NULL, log_sub_type INTEGER, log_comment VARCHAR(200), log_params VARCHAR(500), CONSTRAINT jam_f_log_wuser FOREIGN KEY (wiki_user_id) REFERENCES jam_wiki_user(wiki_user_id), CONSTRAINT jam_f_log_topic_ver FOREIGN KEY (topic_version_id) REFERENCES jam_topic_version(topic_version_id), CONSTRAINT jam_f_log_topic FOREIGN KEY (topic_id) REFERENCES jam_topic(topic_id), CONSTRAINT jam_f_log_vwiki FOREIGN KEY (virtual_wiki_id) REFERENCES jam_virtual_wiki(virtual_wiki_id) )
CREATE CACHED TABLE jam_recent_change ( topic_version_id INTEGER, previous_topic_version_id INTEGER, topic_id INTEGER, topic_name VARCHAR(200), change_date TIMESTAMP DEFAULT CURRENT_TIMESTAMP NOT NULL, change_comment VARCHAR(200), wiki_user_id INTEGER, display_name VARCHAR(200) NOT NULL, edit_type INTEGER, log_type INTEGER, log_sub_type INTEGER, log_params VARCHAR(500), virtual_wiki_id INTEGER NOT NULL, virtual_wiki_name VARCHAR(100) NOT NULL, characters_changed INTEGER, CONSTRAINT jam_f_rc_topic_ver FOREIGN KEY (topic_version_id) REFERENCES jam_topic_version(topic_version_id), CONSTRAINT jam_f_rc_p_topic_v FOREIGN KEY (previous_topic_version_id) REFERENCES jam_topic_version(topic_version_id), CONSTRAINT jam_f_rc_topic FOREIGN KEY (topic_id) REFERENCES jam_topic(topic_id), CONSTRAINT jam_f_rc_wuser FOREIGN KEY (wiki_user_id) REFERENCES jam_wiki_user(wiki_user_id), CONSTRAINT jam_f_rc_vwiki FOREIGN KEY (virtual_wiki_id) REFERENCES jam_virtual_wiki(virtual_wiki_id) )
CREATE CACHED TABLE jam_watchlist ( wiki_user_id INTEGER NOT NULL, topic_name VARCHAR(200), virtual_wiki_id INTEGER NOT NULL, CONSTRAINT jam_p_watchlist PRIMARY KEY (wiki_user_id, topic_name, virtual_wiki_id), CONSTRAINT jam_f_wlist_userid FOREIGN KEY (wiki_user_id) REFERENCES jam_wiki_user(wiki_user_id), CONSTRAINT jam_f_wlist_vwiki FOREIGN KEY (virtual_wiki_id) REFERENCES jam_virtual_wiki(virtual_wiki_id) )
CREATE CACHED TABLE jam_interwiki ( interwiki_prefix VARCHAR(30) NOT NULL, interwiki_pattern VARCHAR(200) NOT NULL, interwiki_display VARCHAR(30) NOT NULL, interwiki_type INTEGER NOT NULL, CONSTRAINT jam_p_interw PRIMARY KEY (interwiki_prefix) )
CREATE CACHED TABLE jam_configuration ( config_key VARCHAR(50) NOT NULL, config_value VARCHAR(500) NOT NULL, CONSTRAINT jam_p_config PRIMARY KEY (config_key) )
CREATE CACHED TABLE jam_user_block ( user_block_id INTEGER NOT NULL, wiki_user_id INTEGER, ip_address VARCHAR(39), block_date TIMESTAMP DEFAULT CURRENT_TIMESTAMP NOT NULL, block_end_date TIMESTAMP, block_reason VARCHAR(200), blocked_by_user_id INTEGER NOT NULL, unblock_date TIMESTAMP, unblock_reason VARCHAR(200), unblocked_by_user_id INTEGER, CONSTRAINT jam_u_ublock PRIMARY KEY (user_block_id), CONSTRAINT jam_f_ublock_userid FOREIGN KEY (wiki_user_id) REFERENCES jam_wiki_user(wiki_user_id), CONSTRAINT jam_f_ublock_blkid FOREIGN KEY (blocked_by_user_id) REFERENCES jam_wiki_user(wiki_user_id), CONSTRAINT jam_f_ublock_unblkid FOREIGN KEY (unblocked_by_user_id) REFERENCES jam_wiki_user(wiki_user_id) )
CREATE TABLE jam_file_data ( file_version_id INTEGER NOT NULL, resized INTEGER NOT NULL, image_width INTEGER NOT NULL, image_height INTEGER NOT NULL, file_data BLOB NOT NULL, CONSTRAINT jam_p_file_data PRIMARY KEY (file_version_id, resized), CONSTRAINT jam_f_file_data_file_version FOREIGN KEY (file_version_id) REFERENCES jam_file_version(file_version_id) )
INSERT INTO JAM_VIRTUAL_WIKI VALUES(1,'en',NULL,'2016-10-14 21:58:58.840000',NULL,NULL,NULL)
COMMIT
INSERT INTO JAM_NAMESPACE VALUES(-2,'Media',NULL)
COMMIT
INSERT INTO JAM_NAMESPACE VALUES(-1,'Special',NULL)
COMMIT
INSERT INTO JAM_NAMESPACE VALUES(0,'',NULL)
COMMIT
INSERT INTO JAM_NAMESPACE VALUES(1,'Comments',0)
COMMIT
INSERT INTO JAM_NAMESPACE VALUES(2,'User',NULL)
COMMIT
INSERT INTO JAM_NAMESPACE VALUES(3,'User comments',2)
COMMIT
INSERT INTO JAM_NAMESPACE VALUES(4,'Project',NULL)
COMMIT
INSERT INTO JAM_NAMESPACE VALUES(5,'Project comments',4)
COMMIT
INSERT INTO JAM_NAMESPACE VALUES(6,'File',NULL)
COMMIT
INSERT INTO JAM_NAMESPACE VALUES(7,'File comments',6)
COMMIT
INSERT INTO JAM_NAMESPACE VALUES(8,'JAMWiki',NULL)
COMMIT
INSERT INTO JAM_NAMESPACE VALUES(9,'JAMWiki comments',8)
COMMIT
INSERT INTO JAM_NAMESPACE VALUES(10,'Template',NULL)
COMMIT
INSERT INTO JAM_NAMESPACE VALUES(11,'Template comments',10)
COMMIT
INSERT INTO JAM_NAMESPACE VALUES(12,'Help',NULL)
COMMIT
INSERT INTO JAM_NAMESPACE VALUES(13,'Help comments',12)
COMMIT
INSERT INTO JAM_NAMESPACE VALUES(14,'Category',NULL)
COMMIT
INSERT INTO JAM_NAMESPACE VALUES(15,'Category comments',14)
COMMIT
INSERT INTO JAM_INTERWIKI VALUES('jamwikiorg','http://jamwiki.org/wiki/en/{0}','JAMWiki',-1)
COMMIT
INSERT INTO JAM_INTERWIKI VALUES('mediawiki','http://www.mediawiki.org/wiki/{0}','MediaWiki',-1)
COMMIT
INSERT INTO JAM_INTERWIKI VALUES('metawikipedia','http://meta.wikimedia.org/wiki/{0}','Wikimedia Meta-Wiki',-1)
COMMIT
INSERT INTO JAM_INTERWIKI VALUES('wiki','http://c2.com/cgi/wiki?{0}','WikiWiki',-1)
COMMIT
INSERT INTO JAM_INTERWIKI VALUES('wikia','http://www.wikia.com/wiki/index.php/{0}','Wikia',-1)
COMMIT
INSERT INTO JAM_INTERWIKI VALUES('wikipedia','http://en.wikipedia.org/wiki/{0}','Wikipedia',-1)
COMMIT
INSERT INTO JAM_INTERWIKI VALUES('wikiquote','http://en.wikiquote.org/wiki/{0}','Wikiquote',-1)
COMMIT
INSERT INTO JAM_INTERWIKI VALUES('wikinews','http://en.wikinews.org/wiki/{0}','Wikinews',-1)
COMMIT
INSERT INTO JAM_ROLE VALUES('ROLE_ADMIN','Provides the ability to perform wiki maintenance tasks not available to normal users.')
COMMIT
INSERT INTO JAM_ROLE VALUES('ROLE_EDIT_EXISTING','Allows a user to edit an existing topic.')
COMMIT
INSERT INTO JAM_ROLE VALUES('ROLE_EDIT_NEW','Allows a user to create a new topic.')
COMMIT
INSERT INTO JAM_ROLE VALUES('ROLE_IMPORT','Allows a user to import data from a file.')
COMMIT
INSERT INTO JAM_ROLE VALUES('ROLE_MOVE','Allows a user to move a topic to a different name.')
COMMIT
INSERT INTO JAM_ROLE VALUES('ROLE_SYSADMIN','Allows access to set database parameters, modify parser settings, and set other wiki system settings.')
COMMIT
INSERT INTO JAM_ROLE VALUES('ROLE_TRANSLATE','Allows access to the translation tool used for modifying the values of message keys used to display text on the wiki.')
COMMIT
INSERT INTO JAM_ROLE VALUES('ROLE_UPLOAD','Allows a user to upload a file to the wiki.')
COMMIT
INSERT INTO JAM_ROLE VALUES('ROLE_VIEW','Allows a user to view topics on the wiki.')
COMMIT
INSERT INTO JAM_ROLE VALUES('ROLE_REGISTER','Allows anonymous users to self-register.')
COMMIT
INSERT INTO JAM_GROUP VALUES(1,'GROUP_ANONYMOUS','All non-logged in users are automatically assigned to the anonymous group.')
COMMIT
INSERT INTO JAM_GROUP_AUTHORITIES VALUES(1,'ROLE_EDIT_EXISTING')
COMMIT
INSERT INTO JAM_GROUP_AUTHORITIES VALUES(1,'ROLE_EDIT_NEW')
COMMIT
INSERT INTO JAM_GROUP_AUTHORITIES VALUES(1,'ROLE_REGISTER')
COMMIT
INSERT INTO JAM_GROUP_AUTHORITIES VALUES(1,'ROLE_UPLOAD')
COMMIT
INSERT INTO JAM_GROUP_AUTHORITIES VALUES(1,'ROLE_VIEW')
COMMIT
INSERT INTO JAM_GROUP VALUES(2,'GROUP_REGISTERED_USER','All logged in users are automatically assigned to the registered user group.')
COMMIT
INSERT INTO JAM_GROUP_AUTHORITIES VALUES(2,'ROLE_EDIT_EXISTING')
COMMIT
INSERT INTO JAM_GROUP_AUTHORITIES VALUES(2,'ROLE_EDIT_NEW')
COMMIT
INSERT INTO JAM_GROUP_AUTHORITIES VALUES(2,'ROLE_MOVE')
COMMIT
INSERT INTO JAM_GROUP_AUTHORITIES VALUES(2,'ROLE_UPLOAD')
COMMIT
INSERT INTO JAM_GROUP_AUTHORITIES VALUES(2,'ROLE_VIEW')
COMMIT
INSERT INTO JAM_USER_PREFERENCES_DEFAULTS VALUES('user.default.locale','zh_CN','user.preferences.group.internationalization',1)
COMMIT
INSERT INTO JAM_USER_PREFERENCES_DEFAULTS VALUES('user.timezone','Asia/Shanghai','user.preferences.group.internationalization',2)
COMMIT
INSERT INTO JAM_USER_PREFERENCES_DEFAULTS VALUES('user.date.format','d MMMM yyyy','user.preferences.group.internationalization',3)
COMMIT
INSERT INTO JAM_USER_PREFERENCES_DEFAULTS VALUES('user.time.format','HH:mm','user.preferences.group.internationalization',4)
COMMIT
INSERT INTO JAM_USER_PREFERENCES_DEFAULTS VALUES('user.preferred.editor','toolbar','user.preferences.group.editing',1)
COMMIT
INSERT INTO JAM_USER_PREFERENCES_DEFAULTS VALUES('user.signature',NULL,'user.preferences.group.editing',2)
COMMIT
INSERT INTO JAM_USERS VALUES('user','password',1,NULL,NULL,NULL,0)
COMMIT
INSERT INTO JAM_WIKI_USER VALUES(1,'user',NULL,'2016-10-14 21:58:57.452000','2016-10-14 21:58:57.452000','0.0.0.0','0.0.0.0',NULL)
COMMIT
INSERT INTO JAM_GROUP_MEMBERS VALUES(1,'user',2)
COMMIT
INSERT INTO JAM_LOG VALUES('2016-10-14 21:58:57.452000',1,1,'user',NULL,NULL,7,NULL,NULL,NULL)
COMMIT
INSERT INTO JAM_RECENT_CHANGE VALUES(NULL,NULL,NULL,NULL,'2016-10-14 21:58:57.452000',NULL,1,'user',NULL,7,NULL,NULL,1,'en',NULL)
COMMIT
INSERT INTO JAM_AUTHORITIES VALUES('user','ROLE_ADMIN')
COMMIT
INSERT INTO JAM_AUTHORITIES VALUES('user','ROLE_IMPORT')
COMMIT
INSERT INTO JAM_AUTHORITIES VALUES('user','ROLE_SYSADMIN')
COMMIT
INSERT INTO JAM_AUTHORITIES VALUES('user','ROLE_TRANSLATE')
COMMIT
INSERT INTO JAM_TOPIC VALUES(1,1,0,'StartingPoints','StartingPoints','startingpoints',NULL,0,0,NULL,1,NULL)
COMMIT
INSERT INTO JAM_TOPIC_VERSION VALUES(1,1,'Automatically created by system setup','<div style="text-align:center;font-weight:bold;color:green;font-size:150%">JAMWiki has been successfully installed!</div>\u000a\u000a=== Next steps ===\u000a\u000a# Customize the look and feel of your wiki by editing the [[JAMWiki:Sidebar|sidebar]], [[JAMWiki:Footer|footer]], [[JAMWiki:Header|header]] and (for advanced users) [[JAMWiki:Custom.css|CSS styles]].\u000a# Update configuration settings from the [[Special:Admin]] page.  From this page a vast number of options can be changed, including the site name, description, and default settings.\u000a# Visit http://jamwiki.org/ for detailed documentation, to report bugs, and to provide feedback.\u000a# Go to https://lists.sourceforge.net/lists/listinfo/jamwiki-announce and sign up for the jamwiki-announce mailing list to be notified of future JAMWiki releases.\u000a\u000a=== Other useful pages ===\u000a\u000a* [[Special:SpecialPages]] - An index of wiki "Special" pages.\u000a* [[Special:RecentChanges]] - A list of recently modified Wiki topics.\u000a* [[Special:Upload]] - Used to upload files and images to the Wiki.\u000a* [[Special:Search]] - Search the Wiki.\u000a* [[Special:Account]] - Create an account so that edits are properly credited.\u000a* [[Special:AllPages]] - A list of all the topics in the Wiki.\u000a',1,'0.0.0.0','2016-10-14 21:58:59.007000',1,NULL,1198,NULL)
COMMIT
DELETE FROM JAM_TOPIC WHERE TOPIC_ID=1
INSERT INTO JAM_TOPIC VALUES(1,1,0,'StartingPoints','StartingPoints','startingpoints',NULL,0,0,1,1,NULL)
COMMIT
INSERT INTO JAM_RECENT_CHANGE VALUES(1,NULL,1,'StartingPoints','2016-10-14 21:58:59.007000','Automatically created by system setup',1,'user',1,NULL,NULL,NULL,1,'en',1198)
COMMIT
INSERT INTO JAM_TOPIC VALUES(2,1,8,'JAMWiki:Sidebar','Sidebar','sidebar',NULL,0,1,NULL,1,NULL)
COMMIT
INSERT INTO JAM_TOPIC_VERSION VALUES(2,2,'Automatically created by system setup','* [[StartingPoints|StartingPoints]]\u000a* [[Special:RecentChanges|Recent Changes]]\u000a* [[Special:Search|Search]]\u000a----\u000a* [[Special:AllPages|All Pages]]\u000a* [[Special:SpecialPages|Special Pages]]\u000a* [[Special:Upload|Upload File]]\u000a----\u000a* [http://jamwiki.org/ JAMWiki]\u000a* [http://sourceforge.net/projects/jamwiki/ SourceForge Page]\u000a* [http://mediawiki.org/ MediaWiki]\u000a',1,'0.0.0.0','2016-10-14 21:58:59.017000',1,NULL,354,NULL)
COMMIT
DELETE FROM JAM_TOPIC WHERE TOPIC_ID=2
INSERT INTO JAM_TOPIC VALUES(2,1,8,'JAMWiki:Sidebar','Sidebar','sidebar',NULL,0,1,2,1,NULL)
COMMIT
INSERT INTO JAM_RECENT_CHANGE VALUES(2,NULL,2,'JAMWiki:Sidebar','2016-10-14 21:58:59.017000','Automatically created by system setup',1,'user',1,NULL,NULL,NULL,1,'en',354)
COMMIT
INSERT INTO JAM_TOPIC VALUES(3,1,8,'JAMWiki:Footer','Footer','footer',NULL,0,1,NULL,1,NULL)
COMMIT
INSERT INTO JAM_TOPIC_VERSION VALUES(3,3,'Automatically created by system setup','All contents copyright of the author. &copy;2011.\u000a',1,'0.0.0.0','2016-10-14 21:58:59.024000',1,NULL,50,NULL)
COMMIT
DELETE FROM JAM_TOPIC WHERE TOPIC_ID=3
INSERT INTO JAM_TOPIC VALUES(3,1,8,'JAMWiki:Footer','Footer','footer',NULL,0,1,3,1,NULL)
COMMIT
INSERT INTO JAM_RECENT_CHANGE VALUES(3,NULL,3,'JAMWiki:Footer','2016-10-14 21:58:59.024000','Automatically created by system setup',1,'user',1,NULL,NULL,NULL,1,'en',50)
COMMIT
INSERT INTO JAM_TOPIC VALUES(4,1,8,'JAMWiki:Header','Header','header',NULL,0,1,NULL,1,NULL)
COMMIT
INSERT INTO JAM_TOPIC_VERSION VALUES(4,4,'Automatically created by system setup','',1,'0.0.0.0','2016-10-14 21:58:59.031000',1,NULL,0,NULL)
COMMIT
DELETE FROM JAM_TOPIC WHERE TOPIC_ID=4
INSERT INTO JAM_TOPIC VALUES(4,1,8,'JAMWiki:Header','Header','header',NULL,0,1,4,1,NULL)
COMMIT
INSERT INTO JAM_RECENT_CHANGE VALUES(4,NULL,4,'JAMWiki:Header','2016-10-14 21:58:59.031000','Automatically created by system setup',1,'user',1,NULL,NULL,NULL,1,'en',0)
COMMIT
INSERT INTO JAM_TOPIC VALUES(5,1,8,'JAMWiki:System.css','System.css','system.css',NULL,1,1,NULL,1,NULL)
COMMIT
INSERT INTO JAM_TOPIC_VERSION VALUES(5,5,'Automatically created by system setup','body {\u000a\u0009background: #f9f9f9 url(../images/denalibg.jpg) 0 0 no-repeat;\u000a\u0009color: black;\u000a\u0009margin: 0;\u000a\u0009padding: 0;\u000a}\u000abody, input, select {\u000a\u0009font: 95% sans-serif, tahoma;\u000a}\u000aa {\u000a\u0009text-decoration: none;\u000a\u0009color: #5555bb;\u000a}\u000aa:hover {\u000a\u0009border-bottom: 1px dotted #5555bb;\u000a}\u000aa.logo {\u000a\u0009border: 0;\u000a}\u000aa.externallink:after {\u000a\u0009content:url("../images/external.png");\u000a}\u000aa.interwikilink:after {\u000a\u0009content:url("../images/external.png");\u000a}\u000aa.edit {\u000a\u0009color: #aa1111;\u000a\u0009border-color: #aa1111;\u000a}\u000aa.edit:hover {\u000a\u0009border-bottom: 1px dotted #aa1111;\u000a}\u000aa.redirect {\u000a\u0009font-size: 150%;\u000a\u0009text-decoration: none;\u000a\u0009margin-left: 20px;\u000a}\u000aa.redirect:before {\u000a\u0009content:url("../images/redirect-arrow.png");\u000a}\u000ap {\u000a\u0009margin: .4em 0 .5em 0;\u000a\u0009line-height: 1.5em;\u000a}\u000ah1, h2, h3, h4, h5 {\u000a\u0009color: black;\u000a\u0009margin: 0;\u000a\u0009padding: 0.5em 0em 0.2em 0em;\u000a\u0009text-align: left;\u000a}\u000ah1, h2 {\u000a\u0009margin-bottom: 0.5em;\u000a}\u000ah3, h4, h5 {\u000a\u0009margin-bottom: 0.2em;\u000a}\u000ah1 {\u000a\u0009border-bottom: 1px solid #D8D8E7;\u000a\u0009font-size: 200%;\u000a\u0009font-weight: normal;\u000a}\u000ah2 {\u000a\u0009border-bottom: 1px solid #D8D8E7;\u000a\u0009font-size: 175%;\u000a\u0009font-weight: normal;\u000a}\u000ah3 {\u000a\u0009font-size: 150%;\u000a\u0009font-weight: normal;\u000a}\u000ah4 {\u000a\u0009font-size: 125%;\u000a\u0009font-weight: bold;\u000a}\u000ah5 {\u000a\u0009font-size: 110%;\u000a\u0009font-weight: bold;\u000a}\u000apre {\u000a\u0009background-color: #fbfbfd;\u000a\u0009border: 1px dashed #7e7ecb;\u000a\u0009color: black;\u000a\u0009font-size: 110%;\u000a\u0009line-height: 1.1em;\u000a\u0009padding: 1em;\u000a}\u000acode {\u000a\u0009color: black;\u000a\u0009font-size: 120%;\u000a}\u000adt {\u000a\u0009font-weight: bold;\u000a\u0009margin-bottom: .1em;\u000a}\u000adl {\u000a\u0009margin-top: .2em;\u000a\u0009margin-bottom: .5em;\u000a}\u000add {\u000a\u0009line-height: 1.5em;\u000a\u0009margin-left: 2em;\u000a\u0009margin-bottom: .1em;\u000a}\u000aul {\u000a\u0009line-height: 1.5em;\u000a\u0009list-style-type: square;\u000a\u0009list-style-image: url(../images/bullet.gif);\u000a\u0009margin: .3em 0 0 1.5em;\u000a\u0009padding: 0;\u000a}\u000aol {\u000a\u0009line-height: 1.5em;\u000a\u0009margin: .3em 0 0 3.2em;\u000a\u0009padding: 0;\u000a\u0009list-style-image: none;\u000a}\u000ali {\u000a\u0009margin-bottom: .1em;\u000a}\u000atextarea {\u000a\u0009width: 99%;\u000a}\u000afieldset {\u000a\u0009padding: 0 7px 7px;\u000a\u0009border: 1px solid #D8D8E7;\u000a\u0009margin-top: 10px;\u000a}\u000alegend {\u000a\u0009padding: 0.5em;\u000a\u0009font-weight: bold;\u000a}\u000a.red {\u000a\u0009font-weight: bold;\u000a\u0009color: #f00;\u000a}\u000a.green {\u000a\u0009font-weight: bold;\u000a\u0009color: #090;\u000a}\u000adiv.message {\u000a\u0009margin: 1.5em 0 1.5em 0;\u000a\u0009padding: 0 5px;\u000a}\u000adiv.submenu {\u000a\u0009margin: 1.0em 6em 0.8em 6em;\u000a\u0009text-align: center;\u000a}\u000a.clear {\u000a\u0009clear: both;\u000a}\u000a.hidden {\u000a\u0009display: none;\u000a}\u000a\u000a/* global positioning */\u000a\u000a#wiki-page {\u000a\u0009font-size: 100%;\u000a\u0009color: black;\u000a\u0009padding: 0 5px;\u000a}\u000a#wiki-navigation {\u000a\u0009position: absolute;\u000a\u0009top: 5px;\u000a\u0009left: 5px;\u000a\u0009font-size: 90%;\u000a\u0009padding: 5px 5px 5px 0;\u000a\u0009vertical-align: top;\u000a\u0009width: 180px;\u000a}\u000a#wiki-content {\u000a\u0009position: relative;\u000a\u0009margin-left: 185px;\u000a\u0009font-size: 80%;\u000a\u0009vertical-align: top;\u000a}\u000a#wiki-footer {\u000a\u0009color: gray;\u000a\u0009font-size: 80%;\u000a\u0009margin-left: 185px;\u000a\u0009padding: 15px 10px;\u000a}\u000a\u000a/* main content area */\u000a\u000a#contents {\u000a\u0009background: white;\u000a\u0009padding: 14px;\u000a\u0009padding-bottom: 25px;\u000a\u0009border: 1px solid #D8D8E7;\u000a}\u000a#contents-header {\u000a\u0009margin-bottom: 0.1em;\u000a}\u000a#contentSub {\u000a\u0009color: #7d7d7d;\u000a\u0009margin: 0 0 1em 1em;\u000a}\u000a#siteNotice {\u000a\u0009position: relative;\u000a\u0009text-align: center;\u000a\u0009font-size: 95%;\u000a\u0009padding: 0 0.9em;\u000a}\u000a\u000a/* navbar elements */\u000a\u000a#logo {\u000a\u0009border: 0;\u000a\u0009margin: 8px 0 0 0;\u000a\u0009text-align: center;\u000a\u0009vertical-align: middle;\u000a}\u000a.portlet {\u000a\u0009background: white;\u000a\u0009border: 1px solid #D8D8E7;\u000a\u0009font-size: 90%;\u000a\u0009margin: 16px 0 8px;\u000a\u0009overflow: hidden;\u000a\u0009padding: 0 8px 8px;\u000a}\u000a.portlet h5 {\u000a\u0009font-size: 90%;\u000a\u0009font-weight: normal;\u000a\u0009padding: 5px 0 0;\u000a}\u000a#nav-menu {\u000a\u0009margin-top: 2px;\u000a\u0009padding: 0;\u000a}\u000a#nav-menu hr {\u000a\u0009background-color: #D8D8E7;\u000a\u0009border: 0;\u000a\u0009color: #D8D8E7;\u000a\u0009height: 1px;\u000a\u0009margin: 0;\u000a}\u000a#nav-menu ul {\u000a\u0009padding: 8px;\u000a\u0009list-style-type: none;\u000a\u0009list-style-image: none;\u000a\u0009margin-left: 0;\u000a}\u000a#nav-search {\u000a\u0009text-align: center;\u000a}\u000a#nav-search form {\u000a\u0009padding: 0;\u000a\u0009margin: 0;\u000a}\u000a#nav-search br {\u000a\u0009padding-top: 4px;\u000a}\u000a#nav-search input {\u000a\u0009margin-top: 8px;\u000a\u0009background-color: white;\u000a\u0009border: 1px solid #D8D8E7;\u000a}\u000a#nav-search input[type="text"] {\u000a\u0009width: 150px;\u000a}\u000a\u000a/* diff page */\u000a\u000a#diff_heading {\u000a\u0009margin-top: 10px;\u000a\u0009width: 98%;\u000a}\u000a#diff_heading td {\u000a\u0009text-align: center;\u000a\u0009vertical-align: top;\u000a\u0009width: 50%;\u000a}\u000a#left_revision, #right_revision {\u000a\u0009font-weight: bold;\u000a}\u000atable#diff {\u000a\u0009table-layout: fixed;\u000a\u0009width: 98%;\u000a}\u000atable#diff col.diff-marker {\u000a\u0009width: 2%;\u000a}\u000atable#diff col.diff-content {\u000a\u0009width: 48%;\u000a}\u000a.diff-delete {\u000a\u0009background: #eeee88;\u000a\u0009font-weight: bold;\u000a\u0009padding: 0.1em;\u000a\u0009overflow: hidden;\u000a}\u000a.diff-add {\u000a\u0009background: #88ee88;\u000a\u0009font-weight: bold;\u000a\u0009padding: 0.1em;\u000a\u0009overflow: hidden;\u000a}\u000a.diff-unchanged {\u000a\u0009background: #dddddd;\u000a\u0009padding: 0.1em;\u000a\u0009overflow: hidden;\u000a}\u000a.diff-indicator {\u000a\u0009font-weight: bold;\u000a\u0009padding: 0.1em;\u000a\u0009text-align: right;\u000a\u0009width: 7px;\u000a}\u000a.diff-line {\u000a\u0009padding: 0.5em 0.1em 0.1em 0.1em;\u000a\u0009font-weight: bold;\u000a}\u000a.diff-entry {\u000a\u0009margin: 1px;\u000a\u0009padding: 1px;\u000a}\u000a.diff-change {\u000a\u0009font-weight: bold;\u000a\u0009color: red;\u000a}\u000a\u000a/* topic elements */\u000a\u000a#toc {\u000a\u0009border: 1px solid #D8D8E7;\u000a\u0009margin: 0.2em auto 0.2em 0em;\u000a\u0009padding: 0.5em 0.8em 0.5em 0.8em;\u000a\u0009background-color: #fff;\u000a}\u000a.toctoggle {\u000a\u0009font-size: 90%;\u000a\u0009font-weight: normal;\u000a}\u000a#toc ul {\u000a\u0009list-style-type: none;\u000a\u0009list-style-image: none;\u000a\u0009margin-left: 0;\u000a}\u000a#toc ul ul {\u000a\u0009margin-left: 1em;\u000a}\u000a#category-index {\u000a\u0009border: 1px solid #aaa;\u000a\u0009background-color: #f9f9f9;\u000a\u0009padding: 10px 5px 10px 5px;\u000a\u0009margin-top: 1em;\u000a\u0009clear: both;\u000a}\u000a#topic-file-download {\u000a\u0009border: 1px solid #aaa;\u000a\u0009background-color: #f9f9f9;\u000a\u0009padding: 10px 5px 10px 5px;\u000a\u0009margin-top: 1em;\u000a\u0009clear: both;\u000a}\u000atable#filehistory {\u000a\u0009border-collapse: collapse;\u000a}\u000a#filehistory td, #filehistory th {\u000a\u0009border: 1px solid #aaa;\u000a\u0009padding: 4px;\u000a}\u000a.nowrap {\u000a\u0009white-space: nowrap;\u000a}\u000a\u000a/* tab menu */\u000a\u000aul.tab-menu {\u000a\u0009display: inline-block;\u000a\u0009list-style: inherit;\u000a\u0009list-style-type: none;\u000a}\u000aul.tab-menu li {\u000a\u0009float: left;\u000a\u0009background-color: #fff;\u000a\u0009color: blue;\u000a\u0009border: 1px solid #D8D8E7;\u000a\u0009border-bottom: none;\u000a\u0009min-width: 40px;\u000a\u0009text-align: center;\u000a}\u000aul.tab-menu li.active {\u000a\u0009margin-bottom: -1px !important;\u000a\u0009border-bottom: 1px solid #fff;\u000a\u0009font-weight: bold;\u000a}\u000aul.tab-menu li.active a:hover {\u000a\u0009border-bottom: none;\u000a}\u000aul#tab_menu {\u000a\u0009padding: 0;\u000a\u0009margin: 0;\u000a\u0009margin-left: 6px;\u000a}\u000aul#tab_menu li {\u000a\u0009padding: 0 0.5em;\u000a\u0009margin: 0;\u000a\u0009margin-right: 4px;\u000a\u0009font-size: 85%;\u000a}\u000aul#tab_menu li.active {\u000a\u0009font-size: 90%;\u000a}\u000aul#tab_submenu {\u000a\u0009margin: 10px 0 0;\u000a}\u000aul#tab_submenu li {\u000a\u0009background-color: #f9f9f9;\u000a\u0009padding: 5px 7px;\u000a\u0009margin: 0 0 0 8px;\u000a\u0009-moz-border-radius-topleft: 5px;\u000a\u0009-webkit-border-top-left-radius: 5px;\u000a\u0009-moz-border-radius-topright: 5px;\u000a\u0009-webkit-border-top-right-radius: 5px;\u000a}\u000aul#tab_submenu li.active {\u000a\u0009background-color: #fff;\u000a}\u000a.submenu-tab-content {\u000a\u0009background: white;\u000a\u0009padding: 14px;\u000a\u0009padding-bottom: 25px;\u000a\u0009border: 1px solid #D8D8E7;\u000a}\u000a\u000a/* user menu */\u000a\u000a#user-menu {\u000a\u0009float: right;\u000a\u0009margin-right: 2em;\u000a\u0009padding: 0;\u000a\u0009text-align: center;\u000a}\u000a#user-menu li {\u000a\u0009display: inline;\u000a\u0009list-style-type: none;\u000a\u0009list-style-image: none;\u000a\u0009padding: 0 0.8em;\u000a\u0009font-size: 90%;\u000a}\u000a\u000a/* footer */\u000a\u000a#footer-logo {\u000a\u0009font-size: 0.9em;\u000a\u0009padding-top: 10px;\u000a\u0009text-align: right;\u000a}\u000a#footer-custom {\u000a\u0009font-size: 0.9em;\u000a\u0009text-align: center;\u000a}\u000a\u000a/* recent changes, user contributions, history */\u000a\u000ali.minorchange {\u000a\u0009color: #777777;\u000a}\u000ali.standardchange {\u000a\u0009color: black;\u000a}\u000ali.deletechange {\u000a\u0009color: #770000;\u000a}\u000ali.importchange {\u000a\u0009color: #007777;\u000a}\u000ali.movechange {\u000a\u0009color: #777777;\u000a}\u000ali.undeletechange {\u000a\u0009color: #007777;\u000a}\u000aspan.edit-comment {\u000a\u0009text-decoration: italic;\u000a}\u000aspan.section-link {\u000a\u0009color: #999;\u000a}\u000aspan.section-link a {\u000a\u0009color: #333;\u000a}\u000a#summaryPreview {\u000a\u0009padding: 0 0 3px;\u000a}\u000a\u000a/* topic pages */\u000a\u000a#content-article {\u000a\u0009padding: 10px 0 10px 0;\u000a}\u000a#content-article pre {\u000a\u0009overflow: hidden;\u000a}\u000a.editsection {\u000a\u0009font-size: 67%;\u000a\u0009float: right;\u000a\u0009margin-left: 5px;\u000a\u0009position: relative;\u000a}\u000a#shared-image-message {\u000a\u0009border: 1px solid red;\u000a\u0009font-size: 125%;\u000a\u0009font-weight: bold;\u000a\u0009margin: 10px 50px;\u000a\u0009padding: 10px;\u000a\u0009text-align:center;\u000a}\u000a\u000a/* images */\u000a\u000aimg.wikiimg {\u000a\u0009border: 0;\u000a}\u000aa.wikiimg {\u000a\u0009border: 0;\u000a}\u000aimg.thumbborder {\u000a\u0009border: 1px solid #ddd;\u000a}\u000adiv.thumbcaption {\u000a\u0009text-align:left;\u000a\u0009border: none;\u000a\u0009font-size:94%;\u000a\u0009line-height:1.4em;\u000a\u0009padding:3px !important;\u000a}\u000adiv.floatleft {\u000a\u0009border: none;\u000a\u0009clear:left;\u000a\u0009float:left;\u000a\u0009margin: 0 0.5em 0.5em 0;\u000a\u0009position:relative;\u000a}\u000adiv.floatright {\u000a\u0009border: none;\u000a\u0009clear:right;\u000a\u0009float:right;\u000a\u0009margin: 0 0 0.5em 0.5em;\u000a\u0009position:relative;\u000a}\u000adiv.center {\u000a\u0009text-align:center;\u000a\u0009width:100%;\u000a}\u000adiv.center * {\u000a\u0009margin-left:auto;\u000a\u0009margin-right:auto;\u000a}\u000adiv.tright {\u000a\u0009border: none;\u000a\u0009margin: 0.5em 0 0.8em 1.4em;\u000a\u0009clear:right;\u000a\u0009float:right;\u000a}\u000adiv.thumb {\u000a\u0009border: none;\u000a\u0009margin-bottom:0.5em;\u000a\u0009width:auto;\u000a}\u000adiv.thumbinner  {\u000a\u0009background-color:#f9f9f9;\u000a\u0009border: 1px solid #ccc;\u000a\u0009font-size:94%;\u000a\u0009overflow:hidden;\u000a\u0009padding: 3px !important;\u000a\u0009text-align:center;\u000a\u0009min-width:10px;\u000a}\u000atable.gallery {\u000a\u0009border: 1px solid #ccc;\u000a\u0009margin: 2px;\u000a\u0009padding: 2px;\u000a\u0009background-color: white;\u000a}\u000atable.gallery caption {\u000a\u0009font-weight: bold;\u000a\u0009padding-bottom: 5px;\u000a}\u000atable.gallery td {\u000a\u0009background-color: #f9f9f9;\u000a\u0009border: solid 2px white;\u000a\u0009text-align: center;\u000a\u0009vertical-align: top;\u000a}\u000atable.gallery-cat td {\u000a\u0009vertical-align: middle;\u000a\u0009padding: 2px;\u000a}\u000aimg.gallery {\u000a\u0009border: 1px solid #bbbbbb;\u000a\u0009padding: 0.3em;\u000a}\u000adiv.gallerytext {\u000a\u0009font-size: 94%;\u000a\u0009overflow: hidden;\u000a\u0009padding: 2px 4px\u000a}\u000adiv.gallerytext p {\u000a\u0009line-height: auto;\u000a\u0009margin: auto;\u000a}\u000adiv.gallerybox {\u000a\u0009margin: 2px;\u000a}\u000atable.gallery-cat div.gallerybox {\u000a\u0009width: 155px;\u000a}\u000a#edit-toolbar {\u000a\u0009margin: 3px 0;\u000a}\u000a.toolbar-group {\u000a\u0009-moz-border-radius:5px;\u000a\u0009-webkit-border-radius: 5px;\u000a\u0009background-color: #e9e9e9;\u000a\u0009border-radius: 5px;\u000a\u0009display: inline-block;\u000a\u0009margin: 3px 5px 3px 0;\u000a\u0009padding-left: 3px;\u000a}\u000a.toolbar-button a {\u000a\u0009border-radius: 3px;\u000a\u0009cursor: default;\u000a\u0009display: inline-block;\u000a\u0009outline: none;\u000a\u0009padding: 2px 3px;\u000a}\u000a.toolbar-button {\u000a\u0009border-right: 1px solid #fff;\u000a\u0009cursor: pointer;\u000a\u0009display: inline-block;\u000a\u0009padding: 2px 2px 2px 0;\u000a\u0009-moz-border-radius: 3px;\u000a\u0009-webkit-border-radius: 3px;\u000a}\u000a.toolbar-button a:hover, .toolbar-button a:focus, .toolbar-button a:active {\u000a\u0009background-color: #bfd1ff;\u000a\u0009border-bottom: none;\u000a}\u000a.toolbar-icon {\u000a\u0009background: url(../images/toolbar-icons.png) 0 0 no-repeat;\u000a\u0009cursor: default;\u000a\u0009display: inline-block;\u000a\u0009height: 22px;\u000a\u0009width: 22px;\u000a}\u000a#button-bold .toolbar-icon {\u000a\u0009background-position: 0 -66px !important;\u000a}\u000a#button-italic .toolbar-icon {\u000a\u0009background-position: 0 -88px !important;\u000a}\u000a#button-underline .toolbar-icon {\u000a\u0009background-position: 0 -110px !important;\u000a}\u000a#button-strike .toolbar-icon {\u000a\u0009background-position: 0 -132px !important;\u000a}\u000a#button-subscript .toolbar-icon {\u000a\u0009background-position: 0 -154px !important;\u000a}\u000a#button-superscript .toolbar-icon {\u000a\u0009background-position: 0 -176px !important;\u000a}\u000a#button-nowiki .toolbar-icon {\u000a\u0009background-position: 0 0 !important;\u000a}\u000a#button-orderedlist .toolbar-icon {\u000a\u0009background-position: 0 -198px !important;\u000a}\u000a#button-unorderedlist .toolbar-icon {\u000a\u0009background-position: 0 -220px !important;\u000a}\u000a#button-indent .toolbar-icon {\u000a\u0009background-position: 0 -242px !important;\u000a}\u000a#button-wikilink .toolbar-icon {\u000a\u0009background-position: 0 -264px !important;\u000a}\u000a#button-link .toolbar-icon {\u000a\u0009background-position: 0 -22px !important;\u000a}\u000a#button-image .toolbar-icon {\u000a\u0009background-position: 0 -286px !important;\u000a}\u000a#button-signature .toolbar-icon {\u000a\u0009background-position: 0 -44px !important;\u000a}\u000a#button-hr .toolbar-icon {\u000a\u0009background-position: 0 -308px !important;\u000a}\u000a#button-heading1 .toolbar-icon {\u000a\u0009background-position: 0 -330px !important;\u000a}\u000a#button-heading2 .toolbar-icon {\u000a\u0009background-position: 0 -352px !important;\u000a}\u000a#button-heading3 .toolbar-icon {\u000a\u0009background-position: 0 -374px !important;\u000a}\u000atable.categories {\u000a\u0009width: 100%;\u000a}\u000atable.categories td {\u000a\u0009vertical-align: top;\u000a\u0009width: 33%;\u000a}\u000a\u000a/* search results */\u000a\u000a.highlight {\u000a\u0009background:yellow;\u000a}\u000a.searchresult {\u000a\u0009background-color: #dcdcdc;\u000a\u0009margin: 1em 0 0 0;\u000a}\u000a.searchsummary {\u000a\u0009margin: 0.5em 0 0.7em 0;\u000a}\u000a#searchpower {\u000a\u0009font-size: 90%;\u000a\u0009font-style: italic;\u000a\u0009margin: 1em 0 1em 0;\u000a}\u000a#searchhints {\u000a\u0009margin: 1.5em 0 1.5em 0;\u000a}\u000a\u000a/* form styles */\u000a\u000a.formhelp {\u000a\u0009font-size: 90%;\u000a\u0009color: #5f5f5f;\u000a\u0009clear: both;\u000a}\u000a.darkbg {\u000a\u0009background-color: #d8d8e7;\u000a}\u000a.translationElement {\u000a\u0009float: left;\u000a\u0009vertical-align: top;\u000a\u0009padding: 3px;\u000a\u0009width: 49%;\u000a\u0009overflow: hidden;\u000a}\u000atextarea.translation {\u000a\u0009width: 100%;\u000a\u0009overflow:auto;\u000a\u0009height:5em;\u000a}\u000atextarea.medium {\u000a\u0009width: 400px;\u000a\u0009height: 60px;\u000a}\u000atable.wiki-admin {\u000a\u0009border: 1px solid #fff;\u000a\u0009border-collapse: collapse;\u000a\u0009border-spacing: 0;\u000a\u0009margin: 0 auto;\u000a\u0009width: 99%;\u000a}\u000atable.wiki-admin th {\u000a\u0009background-color: #d8d8e7;\u000a\u0009border: 1px solid #fff;\u000a\u0009text-align: center;\u000a\u0009padding: 5px;\u000a}\u000atable.wiki-admin th.first {\u000a\u0009width: 250px;\u000a}\u000atable.wiki-admin td {\u000a\u0009border-bottom: 1px solid #fff;\u000a\u0009padding: 5px;\u000a}\u000a.inherited-role {\u000a\u0009color: #cc0000;\u000a}\u000a.noborder {\u000a\u0009border: none !important;\u000a}\u000a.center {\u000a\u0009text-align: center;\u000a}\u000adiv.row {\u000a\u0009clear: right;\u000a\u0009padding: 5px 7px;\u000a}\u000a.admin div.row {\u000a\u0009background-color: #e9e9e9;\u000a\u0009border-top: 1px solid #fff;\u000a}\u000adiv.row span {\u000a\u0009display: inline-block;\u000a\u0009vertical-align: top;\u000a\u0009text-align: left;\u000a\u0009padding-left: 5px;\u000a}\u000adiv.row label {\u000a\u0009display: inline-block;\u000a\u0009text-align: left;\u000a\u0009width: 240px;\u000a\u0009font-weight: bold;\u000a}\u000adiv.row span.form-button {\u000a\u0009margin-left: 240px;\u000a}\u000adiv.row .formhelp {\u000a\u0009padding-top: 3px;\u000a}\u000adiv.rowhelp {\u000a\u0009border: 1px solid #e9e9e9;\u000a\u0009margin: 10px;\u000a\u0009padding: 5px 10px;\u000a}\u000a.translationElement label {\u000a\u0009vertical-align: top;\u000a\u0009padding: 3px;\u000a\u0009width: auto;\u000a\u0009overflow: hidden;\u000a}\u000adiv.row label.nonblock {\u000a\u0009display: inherit;\u000a\u0009text-align: inherit;\u000a\u0009width: auto;\u000a\u0009font-weight: inherit;\u000a}\u000adiv.callout {\u000a\u0009border: 1px solid #e9e9e9;\u000a\u0009margin: 10px;\u000a\u0009padding: 10px;\u000a}\u000adiv.callout input {\u000a\u0009margin-right: 20px;\u000a}\u000a.expander {\u000a\u0009display: none;\u000a}\u000a.expander-open {\u000a\u0009display: block !important;\u000a}\u000a.manage-expander {\u000a\u0009padding: 5px;\u000a}\u000a.manage-expander-open {\u000a\u0009height: auto !important;\u000a}\u000a.manage-expander > label {\u000a\u0009cursor: pointer;\u000a\u0009font-weight: bold;\u000a}\u000a.manage-expander > label:before {\u000a\u0009content:url("../images/arrow-right.png");\u000a}\u000a.manage-expander-open > label:before {\u000a\u0009content:url("../images/arrow-down.png");\u000a}\u000a.manage-expander > ul {\u000a\u0009display: none;\u000a\u0009margin-top: 10px;\u000a}\u000a.manage-expander-open > ul {\u000a\u0009display: block !important;\u000a}\u000a.captcha {\u000a\u0009padding: 5px 0;\u000a}\u000a.captcha-label {\u000a\u0009padding: 5px 0;\u000a}\u000a#manage div.row label, #move div.row label, #register div.row label {\u000a\u0009width: 180px;\u000a}\u000a#manage div.row span.form-button, #move div.row span.form-button, #register div.row span.form-button {\u000a\u0009margin-left: 180px;\u000a}\u000a#translation div.row label {\u000a\u0009font-weight: normal;\u000a}\u000a#login div.row label {\u000a\u0009width: 100px;\u000a}\u000a#login div.row span.form-button {\u000a\u0009margin-left: 100px;\u000a}\u000a#antispam-container {\u000a\u0009display: none;\u000a}',1,'0.0.0.0','2016-10-14 21:58:59.037000',1,NULL,14272,NULL)
COMMIT
DELETE FROM JAM_TOPIC WHERE TOPIC_ID=5
INSERT INTO JAM_TOPIC VALUES(5,1,8,'JAMWiki:System.css','System.css','system.css',NULL,1,1,5,1,NULL)
COMMIT
INSERT INTO JAM_RECENT_CHANGE VALUES(5,NULL,5,'JAMWiki:System.css','2016-10-14 21:58:59.037000','Automatically created by system setup',1,'user',1,NULL,NULL,NULL,1,'en',14272)
COMMIT
INSERT INTO JAM_TOPIC VALUES(6,1,8,'JAMWiki:Custom.css','Custom.css','custom.css',NULL,0,1,NULL,1,NULL)
COMMIT
INSERT INTO JAM_TOPIC_VERSION VALUES(6,6,'Automatically created by system setup','',1,'0.0.0.0','2016-10-14 21:58:59.044000',1,NULL,0,NULL)
COMMIT
DELETE FROM JAM_TOPIC WHERE TOPIC_ID=6
INSERT INTO JAM_TOPIC VALUES(6,1,8,'JAMWiki:Custom.css','Custom.css','custom.css',NULL,0,1,6,1,NULL)
COMMIT
INSERT INTO JAM_RECENT_CHANGE VALUES(6,NULL,6,'JAMWiki:Custom.css','2016-10-14 21:58:59.044000','Automatically created by system setup',1,'user',1,NULL,NULL,NULL,1,'en',0)
COMMIT
INSERT INTO JAM_VIRTUAL_WIKI VALUES(2,'test',NULL,'2016-10-14 21:58:59.049000',NULL,NULL,NULL)
COMMIT
INSERT INTO JAM_TOPIC VALUES(7,2,0,'StartingPoints','StartingPoints','startingpoints',NULL,0,0,NULL,1,NULL)
COMMIT
INSERT INTO JAM_TOPIC_VERSION VALUES(7,7,'Automatically created by system setup','<div style="text-align:center;font-weight:bold;color:green;font-size:150%">JAMWiki has been successfully installed!</div>\u000a\u000a=== Next steps ===\u000a\u000a# Customize the look and feel of your wiki by editing the [[JAMWiki:Sidebar|sidebar]], [[JAMWiki:Footer|footer]], [[JAMWiki:Header|header]] and (for advanced users) [[JAMWiki:Custom.css|CSS styles]].\u000a# Update configuration settings from the [[Special:Admin]] page.  From this page a vast number of options can be changed, including the site name, description, and default settings.\u000a# Visit http://jamwiki.org/ for detailed documentation, to report bugs, and to provide feedback.\u000a# Go to https://lists.sourceforge.net/lists/listinfo/jamwiki-announce and sign up for the jamwiki-announce mailing list to be notified of future JAMWiki releases.\u000a\u000a=== Other useful pages ===\u000a\u000a* [[Special:SpecialPages]] - An index of wiki "Special" pages.\u000a* [[Special:RecentChanges]] - A list of recently modified Wiki topics.\u000a* [[Special:Upload]] - Used to upload files and images to the Wiki.\u000a* [[Special:Search]] - Search the Wiki.\u000a* [[Special:Account]] - Create an account so that edits are properly credited.\u000a* [[Special:AllPages]] - A list of all the topics in the Wiki.\u000a',1,'0.0.0.0','2016-10-14 21:58:59.052000',1,NULL,1198,NULL)
COMMIT
DELETE FROM JAM_TOPIC WHERE TOPIC_ID=7
INSERT INTO JAM_TOPIC VALUES(7,2,0,'StartingPoints','StartingPoints','startingpoints',NULL,0,0,7,1,NULL)
COMMIT
INSERT INTO JAM_RECENT_CHANGE VALUES(7,NULL,7,'StartingPoints','2016-10-14 21:58:59.052000','Automatically created by system setup',1,'user',1,NULL,NULL,NULL,2,'test',1198)
COMMIT
INSERT INTO JAM_TOPIC VALUES(8,2,8,'JAMWiki:Sidebar','Sidebar','sidebar',NULL,0,1,NULL,1,NULL)
COMMIT
INSERT INTO JAM_TOPIC_VERSION VALUES(8,8,'Automatically created by system setup','* [[StartingPoints|StartingPoints]]\u000a* [[Special:RecentChanges|Recent Changes]]\u000a* [[Special:Search|Search]]\u000a----\u000a* [[Special:AllPages|All Pages]]\u000a* [[Special:SpecialPages|Special Pages]]\u000a* [[Special:Upload|Upload File]]\u000a----\u000a* [http://jamwiki.org/ JAMWiki]\u000a* [http://sourceforge.net/projects/jamwiki/ SourceForge Page]\u000a* [http://mediawiki.org/ MediaWiki]\u000a',1,'0.0.0.0','2016-10-14 21:58:59.059000',1,NULL,354,NULL)
COMMIT
DELETE FROM JAM_TOPIC WHERE TOPIC_ID=8
INSERT INTO JAM_TOPIC VALUES(8,2,8,'JAMWiki:Sidebar','Sidebar','sidebar',NULL,0,1,8,1,NULL)
COMMIT
INSERT INTO JAM_RECENT_CHANGE VALUES(8,NULL,8,'JAMWiki:Sidebar','2016-10-14 21:58:59.059000','Automatically created by system setup',1,'user',1,NULL,NULL,NULL,2,'test',354)
COMMIT
INSERT INTO JAM_TOPIC VALUES(9,2,8,'JAMWiki:Footer','Footer','footer',NULL,0,1,NULL,1,NULL)
COMMIT
INSERT INTO JAM_TOPIC_VERSION VALUES(9,9,'Automatically created by system setup','All contents copyright of the author. &copy;2011.\u000a',1,'0.0.0.0','2016-10-14 21:58:59.065000',1,NULL,50,NULL)
COMMIT
DELETE FROM JAM_TOPIC WHERE TOPIC_ID=9
INSERT INTO JAM_TOPIC VALUES(9,2,8,'JAMWiki:Footer','Footer','footer',NULL,0,1,9,1,NULL)
COMMIT
INSERT INTO JAM_RECENT_CHANGE VALUES(9,NULL,9,'JAMWiki:Footer','2016-10-14 21:58:59.065000','Automatically created by system setup',1,'user',1,NULL,NULL,NULL,2,'test',50)
COMMIT
INSERT INTO JAM_TOPIC VALUES(10,2,8,'JAMWiki:Header','Header','header',NULL,0,1,NULL,1,NULL)
COMMIT
INSERT INTO JAM_TOPIC_VERSION VALUES(10,10,'Automatically created by system setup','',1,'0.0.0.0','2016-10-14 21:58:59.070000',1,NULL,0,NULL)
COMMIT
DELETE FROM JAM_TOPIC WHERE TOPIC_ID=10
INSERT INTO JAM_TOPIC VALUES(10,2,8,'JAMWiki:Header','Header','header',NULL,0,1,10,1,NULL)
COMMIT
INSERT INTO JAM_RECENT_CHANGE VALUES(10,NULL,10,'JAMWiki:Header','2016-10-14 21:58:59.070000','Automatically created by system setup',1,'user',1,NULL,NULL,NULL,2,'test',0)
COMMIT
INSERT INTO JAM_TOPIC VALUES(11,2,8,'JAMWiki:System.css','System.css','system.css',NULL,1,1,NULL,1,NULL)
COMMIT
INSERT INTO JAM_TOPIC_VERSION VALUES(11,11,'Automatically created by system setup','body {\u000a\u0009background: #f9f9f9 url(../images/denalibg.jpg) 0 0 no-repeat;\u000a\u0009color: black;\u000a\u0009margin: 0;\u000a\u0009padding: 0;\u000a}\u000abody, input, select {\u000a\u0009font: 95% sans-serif, tahoma;\u000a}\u000aa {\u000a\u0009text-decoration: none;\u000a\u0009color: #5555bb;\u000a}\u000aa:hover {\u000a\u0009border-bottom: 1px dotted #5555bb;\u000a}\u000aa.logo {\u000a\u0009border: 0;\u000a}\u000aa.externallink:after {\u000a\u0009content:url("../images/external.png");\u000a}\u000aa.interwikilink:after {\u000a\u0009content:url("../images/external.png");\u000a}\u000aa.edit {\u000a\u0009color: #aa1111;\u000a\u0009border-color: #aa1111;\u000a}\u000aa.edit:hover {\u000a\u0009border-bottom: 1px dotted #aa1111;\u000a}\u000aa.redirect {\u000a\u0009font-size: 150%;\u000a\u0009text-decoration: none;\u000a\u0009margin-left: 20px;\u000a}\u000aa.redirect:before {\u000a\u0009content:url("../images/redirect-arrow.png");\u000a}\u000ap {\u000a\u0009margin: .4em 0 .5em 0;\u000a\u0009line-height: 1.5em;\u000a}\u000ah1, h2, h3, h4, h5 {\u000a\u0009color: black;\u000a\u0009margin: 0;\u000a\u0009padding: 0.5em 0em 0.2em 0em;\u000a\u0009text-align: left;\u000a}\u000ah1, h2 {\u000a\u0009margin-bottom: 0.5em;\u000a}\u000ah3, h4, h5 {\u000a\u0009margin-bottom: 0.2em;\u000a}\u000ah1 {\u000a\u0009border-bottom: 1px solid #D8D8E7;\u000a\u0009font-size: 200%;\u000a\u0009font-weight: normal;\u000a}\u000ah2 {\u000a\u0009border-bottom: 1px solid #D8D8E7;\u000a\u0009font-size: 175%;\u000a\u0009font-weight: normal;\u000a}\u000ah3 {\u000a\u0009font-size: 150%;\u000a\u0009font-weight: normal;\u000a}\u000ah4 {\u000a\u0009font-size: 125%;\u000a\u0009font-weight: bold;\u000a}\u000ah5 {\u000a\u0009font-size: 110%;\u000a\u0009font-weight: bold;\u000a}\u000apre {\u000a\u0009background-color: #fbfbfd;\u000a\u0009border: 1px dashed #7e7ecb;\u000a\u0009color: black;\u000a\u0009font-size: 110%;\u000a\u0009line-height: 1.1em;\u000a\u0009padding: 1em;\u000a}\u000acode {\u000a\u0009color: black;\u000a\u0009font-size: 120%;\u000a}\u000adt {\u000a\u0009font-weight: bold;\u000a\u0009margin-bottom: .1em;\u000a}\u000adl {\u000a\u0009margin-top: .2em;\u000a\u0009margin-bottom: .5em;\u000a}\u000add {\u000a\u0009line-height: 1.5em;\u000a\u0009margin-left: 2em;\u000a\u0009margin-bottom: .1em;\u000a}\u000aul {\u000a\u0009line-height: 1.5em;\u000a\u0009list-style-type: square;\u000a\u0009list-style-image: url(../images/bullet.gif);\u000a\u0009margin: .3em 0 0 1.5em;\u000a\u0009padding: 0;\u000a}\u000aol {\u000a\u0009line-height: 1.5em;\u000a\u0009margin: .3em 0 0 3.2em;\u000a\u0009padding: 0;\u000a\u0009list-style-image: none;\u000a}\u000ali {\u000a\u0009margin-bottom: .1em;\u000a}\u000atextarea {\u000a\u0009width: 99%;\u000a}\u000afieldset {\u000a\u0009padding: 0 7px 7px;\u000a\u0009border: 1px solid #D8D8E7;\u000a\u0009margin-top: 10px;\u000a}\u000alegend {\u000a\u0009padding: 0.5em;\u000a\u0009font-weight: bold;\u000a}\u000a.red {\u000a\u0009font-weight: bold;\u000a\u0009color: #f00;\u000a}\u000a.green {\u000a\u0009font-weight: bold;\u000a\u0009color: #090;\u000a}\u000adiv.message {\u000a\u0009margin: 1.5em 0 1.5em 0;\u000a\u0009padding: 0 5px;\u000a}\u000adiv.submenu {\u000a\u0009margin: 1.0em 6em 0.8em 6em;\u000a\u0009text-align: center;\u000a}\u000a.clear {\u000a\u0009clear: both;\u000a}\u000a.hidden {\u000a\u0009display: none;\u000a}\u000a\u000a/* global positioning */\u000a\u000a#wiki-page {\u000a\u0009font-size: 100%;\u000a\u0009color: black;\u000a\u0009padding: 0 5px;\u000a}\u000a#wiki-navigation {\u000a\u0009position: absolute;\u000a\u0009top: 5px;\u000a\u0009left: 5px;\u000a\u0009font-size: 90%;\u000a\u0009padding: 5px 5px 5px 0;\u000a\u0009vertical-align: top;\u000a\u0009width: 180px;\u000a}\u000a#wiki-content {\u000a\u0009position: relative;\u000a\u0009margin-left: 185px;\u000a\u0009font-size: 80%;\u000a\u0009vertical-align: top;\u000a}\u000a#wiki-footer {\u000a\u0009color: gray;\u000a\u0009font-size: 80%;\u000a\u0009margin-left: 185px;\u000a\u0009padding: 15px 10px;\u000a}\u000a\u000a/* main content area */\u000a\u000a#contents {\u000a\u0009background: white;\u000a\u0009padding: 14px;\u000a\u0009padding-bottom: 25px;\u000a\u0009border: 1px solid #D8D8E7;\u000a}\u000a#contents-header {\u000a\u0009margin-bottom: 0.1em;\u000a}\u000a#contentSub {\u000a\u0009color: #7d7d7d;\u000a\u0009margin: 0 0 1em 1em;\u000a}\u000a#siteNotice {\u000a\u0009position: relative;\u000a\u0009text-align: center;\u000a\u0009font-size: 95%;\u000a\u0009padding: 0 0.9em;\u000a}\u000a\u000a/* navbar elements */\u000a\u000a#logo {\u000a\u0009border: 0;\u000a\u0009margin: 8px 0 0 0;\u000a\u0009text-align: center;\u000a\u0009vertical-align: middle;\u000a}\u000a.portlet {\u000a\u0009background: white;\u000a\u0009border: 1px solid #D8D8E7;\u000a\u0009font-size: 90%;\u000a\u0009margin: 16px 0 8px;\u000a\u0009overflow: hidden;\u000a\u0009padding: 0 8px 8px;\u000a}\u000a.portlet h5 {\u000a\u0009font-size: 90%;\u000a\u0009font-weight: normal;\u000a\u0009padding: 5px 0 0;\u000a}\u000a#nav-menu {\u000a\u0009margin-top: 2px;\u000a\u0009padding: 0;\u000a}\u000a#nav-menu hr {\u000a\u0009background-color: #D8D8E7;\u000a\u0009border: 0;\u000a\u0009color: #D8D8E7;\u000a\u0009height: 1px;\u000a\u0009margin: 0;\u000a}\u000a#nav-menu ul {\u000a\u0009padding: 8px;\u000a\u0009list-style-type: none;\u000a\u0009list-style-image: none;\u000a\u0009margin-left: 0;\u000a}\u000a#nav-search {\u000a\u0009text-align: center;\u000a}\u000a#nav-search form {\u000a\u0009padding: 0;\u000a\u0009margin: 0;\u000a}\u000a#nav-search br {\u000a\u0009padding-top: 4px;\u000a}\u000a#nav-search input {\u000a\u0009margin-top: 8px;\u000a\u0009background-color: white;\u000a\u0009border: 1px solid #D8D8E7;\u000a}\u000a#nav-search input[type="text"] {\u000a\u0009width: 150px;\u000a}\u000a\u000a/* diff page */\u000a\u000a#diff_heading {\u000a\u0009margin-top: 10px;\u000a\u0009width: 98%;\u000a}\u000a#diff_heading td {\u000a\u0009text-align: center;\u000a\u0009vertical-align: top;\u000a\u0009width: 50%;\u000a}\u000a#left_revision, #right_revision {\u000a\u0009font-weight: bold;\u000a}\u000atable#diff {\u000a\u0009table-layout: fixed;\u000a\u0009width: 98%;\u000a}\u000atable#diff col.diff-marker {\u000a\u0009width: 2%;\u000a}\u000atable#diff col.diff-content {\u000a\u0009width: 48%;\u000a}\u000a.diff-delete {\u000a\u0009background: #eeee88;\u000a\u0009font-weight: bold;\u000a\u0009padding: 0.1em;\u000a\u0009overflow: hidden;\u000a}\u000a.diff-add {\u000a\u0009background: #88ee88;\u000a\u0009font-weight: bold;\u000a\u0009padding: 0.1em;\u000a\u0009overflow: hidden;\u000a}\u000a.diff-unchanged {\u000a\u0009background: #dddddd;\u000a\u0009padding: 0.1em;\u000a\u0009overflow: hidden;\u000a}\u000a.diff-indicator {\u000a\u0009font-weight: bold;\u000a\u0009padding: 0.1em;\u000a\u0009text-align: right;\u000a\u0009width: 7px;\u000a}\u000a.diff-line {\u000a\u0009padding: 0.5em 0.1em 0.1em 0.1em;\u000a\u0009font-weight: bold;\u000a}\u000a.diff-entry {\u000a\u0009margin: 1px;\u000a\u0009padding: 1px;\u000a}\u000a.diff-change {\u000a\u0009font-weight: bold;\u000a\u0009color: red;\u000a}\u000a\u000a/* topic elements */\u000a\u000a#toc {\u000a\u0009border: 1px solid #D8D8E7;\u000a\u0009margin: 0.2em auto 0.2em 0em;\u000a\u0009padding: 0.5em 0.8em 0.5em 0.8em;\u000a\u0009background-color: #fff;\u000a}\u000a.toctoggle {\u000a\u0009font-size: 90%;\u000a\u0009font-weight: normal;\u000a}\u000a#toc ul {\u000a\u0009list-style-type: none;\u000a\u0009list-style-image: none;\u000a\u0009margin-left: 0;\u000a}\u000a#toc ul ul {\u000a\u0009margin-left: 1em;\u000a}\u000a#category-index {\u000a\u0009border: 1px solid #aaa;\u000a\u0009background-color: #f9f9f9;\u000a\u0009padding: 10px 5px 10px 5px;\u000a\u0009margin-top: 1em;\u000a\u0009clear: both;\u000a}\u000a#topic-file-download {\u000a\u0009border: 1px solid #aaa;\u000a\u0009background-color: #f9f9f9;\u000a\u0009padding: 10px 5px 10px 5px;\u000a\u0009margin-top: 1em;\u000a\u0009clear: both;\u000a}\u000atable#filehistory {\u000a\u0009border-collapse: collapse;\u000a}\u000a#filehistory td, #filehistory th {\u000a\u0009border: 1px solid #aaa;\u000a\u0009padding: 4px;\u000a}\u000a.nowrap {\u000a\u0009white-space: nowrap;\u000a}\u000a\u000a/* tab menu */\u000a\u000aul.tab-menu {\u000a\u0009display: inline-block;\u000a\u0009list-style: inherit;\u000a\u0009list-style-type: none;\u000a}\u000aul.tab-menu li {\u000a\u0009float: left;\u000a\u0009background-color: #fff;\u000a\u0009color: blue;\u000a\u0009border: 1px solid #D8D8E7;\u000a\u0009border-bottom: none;\u000a\u0009min-width: 40px;\u000a\u0009text-align: center;\u000a}\u000aul.tab-menu li.active {\u000a\u0009margin-bottom: -1px !important;\u000a\u0009border-bottom: 1px solid #fff;\u000a\u0009font-weight: bold;\u000a}\u000aul.tab-menu li.active a:hover {\u000a\u0009border-bottom: none;\u000a}\u000aul#tab_menu {\u000a\u0009padding: 0;\u000a\u0009margin: 0;\u000a\u0009margin-left: 6px;\u000a}\u000aul#tab_menu li {\u000a\u0009padding: 0 0.5em;\u000a\u0009margin: 0;\u000a\u0009margin-right: 4px;\u000a\u0009font-size: 85%;\u000a}\u000aul#tab_menu li.active {\u000a\u0009font-size: 90%;\u000a}\u000aul#tab_submenu {\u000a\u0009margin: 10px 0 0;\u000a}\u000aul#tab_submenu li {\u000a\u0009background-color: #f9f9f9;\u000a\u0009padding: 5px 7px;\u000a\u0009margin: 0 0 0 8px;\u000a\u0009-moz-border-radius-topleft: 5px;\u000a\u0009-webkit-border-top-left-radius: 5px;\u000a\u0009-moz-border-radius-topright: 5px;\u000a\u0009-webkit-border-top-right-radius: 5px;\u000a}\u000aul#tab_submenu li.active {\u000a\u0009background-color: #fff;\u000a}\u000a.submenu-tab-content {\u000a\u0009background: white;\u000a\u0009padding: 14px;\u000a\u0009padding-bottom: 25px;\u000a\u0009border: 1px solid #D8D8E7;\u000a}\u000a\u000a/* user menu */\u000a\u000a#user-menu {\u000a\u0009float: right;\u000a\u0009margin-right: 2em;\u000a\u0009padding: 0;\u000a\u0009text-align: center;\u000a}\u000a#user-menu li {\u000a\u0009display: inline;\u000a\u0009list-style-type: none;\u000a\u0009list-style-image: none;\u000a\u0009padding: 0 0.8em;\u000a\u0009font-size: 90%;\u000a}\u000a\u000a/* footer */\u000a\u000a#footer-logo {\u000a\u0009font-size: 0.9em;\u000a\u0009padding-top: 10px;\u000a\u0009text-align: right;\u000a}\u000a#footer-custom {\u000a\u0009font-size: 0.9em;\u000a\u0009text-align: center;\u000a}\u000a\u000a/* recent changes, user contributions, history */\u000a\u000ali.minorchange {\u000a\u0009color: #777777;\u000a}\u000ali.standardchange {\u000a\u0009color: black;\u000a}\u000ali.deletechange {\u000a\u0009color: #770000;\u000a}\u000ali.importchange {\u000a\u0009color: #007777;\u000a}\u000ali.movechange {\u000a\u0009color: #777777;\u000a}\u000ali.undeletechange {\u000a\u0009color: #007777;\u000a}\u000aspan.edit-comment {\u000a\u0009text-decoration: italic;\u000a}\u000aspan.section-link {\u000a\u0009color: #999;\u000a}\u000aspan.section-link a {\u000a\u0009color: #333;\u000a}\u000a#summaryPreview {\u000a\u0009padding: 0 0 3px;\u000a}\u000a\u000a/* topic pages */\u000a\u000a#content-article {\u000a\u0009padding: 10px 0 10px 0;\u000a}\u000a#content-article pre {\u000a\u0009overflow: hidden;\u000a}\u000a.editsection {\u000a\u0009font-size: 67%;\u000a\u0009float: right;\u000a\u0009margin-left: 5px;\u000a\u0009position: relative;\u000a}\u000a#shared-image-message {\u000a\u0009border: 1px solid red;\u000a\u0009font-size: 125%;\u000a\u0009font-weight: bold;\u000a\u0009margin: 10px 50px;\u000a\u0009padding: 10px;\u000a\u0009text-align:center;\u000a}\u000a\u000a/* images */\u000a\u000aimg.wikiimg {\u000a\u0009border: 0;\u000a}\u000aa.wikiimg {\u000a\u0009border: 0;\u000a}\u000aimg.thumbborder {\u000a\u0009border: 1px solid #ddd;\u000a}\u000adiv.thumbcaption {\u000a\u0009text-align:left;\u000a\u0009border: none;\u000a\u0009font-size:94%;\u000a\u0009line-height:1.4em;\u000a\u0009padding:3px !important;\u000a}\u000adiv.floatleft {\u000a\u0009border: none;\u000a\u0009clear:left;\u000a\u0009float:left;\u000a\u0009margin: 0 0.5em 0.5em 0;\u000a\u0009position:relative;\u000a}\u000adiv.floatright {\u000a\u0009border: none;\u000a\u0009clear:right;\u000a\u0009float:right;\u000a\u0009margin: 0 0 0.5em 0.5em;\u000a\u0009position:relative;\u000a}\u000adiv.center {\u000a\u0009text-align:center;\u000a\u0009width:100%;\u000a}\u000adiv.center * {\u000a\u0009margin-left:auto;\u000a\u0009margin-right:auto;\u000a}\u000adiv.tright {\u000a\u0009border: none;\u000a\u0009margin: 0.5em 0 0.8em 1.4em;\u000a\u0009clear:right;\u000a\u0009float:right;\u000a}\u000adiv.thumb {\u000a\u0009border: none;\u000a\u0009margin-bottom:0.5em;\u000a\u0009width:auto;\u000a}\u000adiv.thumbinner  {\u000a\u0009background-color:#f9f9f9;\u000a\u0009border: 1px solid #ccc;\u000a\u0009font-size:94%;\u000a\u0009overflow:hidden;\u000a\u0009padding: 3px !important;\u000a\u0009text-align:center;\u000a\u0009min-width:10px;\u000a}\u000atable.gallery {\u000a\u0009border: 1px solid #ccc;\u000a\u0009margin: 2px;\u000a\u0009padding: 2px;\u000a\u0009background-color: white;\u000a}\u000atable.gallery caption {\u000a\u0009font-weight: bold;\u000a\u0009padding-bottom: 5px;\u000a}\u000atable.gallery td {\u000a\u0009background-color: #f9f9f9;\u000a\u0009border: solid 2px white;\u000a\u0009text-align: center;\u000a\u0009vertical-align: top;\u000a}\u000atable.gallery-cat td {\u000a\u0009vertical-align: middle;\u000a\u0009padding: 2px;\u000a}\u000aimg.gallery {\u000a\u0009border: 1px solid #bbbbbb;\u000a\u0009padding: 0.3em;\u000a}\u000adiv.gallerytext {\u000a\u0009font-size: 94%;\u000a\u0009overflow: hidden;\u000a\u0009padding: 2px 4px\u000a}\u000adiv.gallerytext p {\u000a\u0009line-height: auto;\u000a\u0009margin: auto;\u000a}\u000adiv.gallerybox {\u000a\u0009margin: 2px;\u000a}\u000atable.gallery-cat div.gallerybox {\u000a\u0009width: 155px;\u000a}\u000a#edit-toolbar {\u000a\u0009margin: 3px 0;\u000a}\u000a.toolbar-group {\u000a\u0009-moz-border-radius:5px;\u000a\u0009-webkit-border-radius: 5px;\u000a\u0009background-color: #e9e9e9;\u000a\u0009border-radius: 5px;\u000a\u0009display: inline-block;\u000a\u0009margin: 3px 5px 3px 0;\u000a\u0009padding-left: 3px;\u000a}\u000a.toolbar-button a {\u000a\u0009border-radius: 3px;\u000a\u0009cursor: default;\u000a\u0009display: inline-block;\u000a\u0009outline: none;\u000a\u0009padding: 2px 3px;\u000a}\u000a.toolbar-button {\u000a\u0009border-right: 1px solid #fff;\u000a\u0009cursor: pointer;\u000a\u0009display: inline-block;\u000a\u0009padding: 2px 2px 2px 0;\u000a\u0009-moz-border-radius: 3px;\u000a\u0009-webkit-border-radius: 3px;\u000a}\u000a.toolbar-button a:hover, .toolbar-button a:focus, .toolbar-button a:active {\u000a\u0009background-color: #bfd1ff;\u000a\u0009border-bottom: none;\u000a}\u000a.toolbar-icon {\u000a\u0009background: url(../images/toolbar-icons.png) 0 0 no-repeat;\u000a\u0009cursor: default;\u000a\u0009display: inline-block;\u000a\u0009height: 22px;\u000a\u0009width: 22px;\u000a}\u000a#button-bold .toolbar-icon {\u000a\u0009background-position: 0 -66px !important;\u000a}\u000a#button-italic .toolbar-icon {\u000a\u0009background-position: 0 -88px !important;\u000a}\u000a#button-underline .toolbar-icon {\u000a\u0009background-position: 0 -110px !important;\u000a}\u000a#button-strike .toolbar-icon {\u000a\u0009background-position: 0 -132px !important;\u000a}\u000a#button-subscript .toolbar-icon {\u000a\u0009background-position: 0 -154px !important;\u000a}\u000a#button-superscript .toolbar-icon {\u000a\u0009background-position: 0 -176px !important;\u000a}\u000a#button-nowiki .toolbar-icon {\u000a\u0009background-position: 0 0 !important;\u000a}\u000a#button-orderedlist .toolbar-icon {\u000a\u0009background-position: 0 -198px !important;\u000a}\u000a#button-unorderedlist .toolbar-icon {\u000a\u0009background-position: 0 -220px !important;\u000a}\u000a#button-indent .toolbar-icon {\u000a\u0009background-position: 0 -242px !important;\u000a}\u000a#button-wikilink .toolbar-icon {\u000a\u0009background-position: 0 -264px !important;\u000a}\u000a#button-link .toolbar-icon {\u000a\u0009background-position: 0 -22px !important;\u000a}\u000a#button-image .toolbar-icon {\u000a\u0009background-position: 0 -286px !important;\u000a}\u000a#button-signature .toolbar-icon {\u000a\u0009background-position: 0 -44px !important;\u000a}\u000a#button-hr .toolbar-icon {\u000a\u0009background-position: 0 -308px !important;\u000a}\u000a#button-heading1 .toolbar-icon {\u000a\u0009background-position: 0 -330px !important;\u000a}\u000a#button-heading2 .toolbar-icon {\u000a\u0009background-position: 0 -352px !important;\u000a}\u000a#button-heading3 .toolbar-icon {\u000a\u0009background-position: 0 -374px !important;\u000a}\u000atable.categories {\u000a\u0009width: 100%;\u000a}\u000atable.categories td {\u000a\u0009vertical-align: top;\u000a\u0009width: 33%;\u000a}\u000a\u000a/* search results */\u000a\u000a.highlight {\u000a\u0009background:yellow;\u000a}\u000a.searchresult {\u000a\u0009background-color: #dcdcdc;\u000a\u0009margin: 1em 0 0 0;\u000a}\u000a.searchsummary {\u000a\u0009margin: 0.5em 0 0.7em 0;\u000a}\u000a#searchpower {\u000a\u0009font-size: 90%;\u000a\u0009font-style: italic;\u000a\u0009margin: 1em 0 1em 0;\u000a}\u000a#searchhints {\u000a\u0009margin: 1.5em 0 1.5em 0;\u000a}\u000a\u000a/* form styles */\u000a\u000a.formhelp {\u000a\u0009font-size: 90%;\u000a\u0009color: #5f5f5f;\u000a\u0009clear: both;\u000a}\u000a.darkbg {\u000a\u0009background-color: #d8d8e7;\u000a}\u000a.translationElement {\u000a\u0009float: left;\u000a\u0009vertical-align: top;\u000a\u0009padding: 3px;\u000a\u0009width: 49%;\u000a\u0009overflow: hidden;\u000a}\u000atextarea.translation {\u000a\u0009width: 100%;\u000a\u0009overflow:auto;\u000a\u0009height:5em;\u000a}\u000atextarea.medium {\u000a\u0009width: 400px;\u000a\u0009height: 60px;\u000a}\u000atable.wiki-admin {\u000a\u0009border: 1px solid #fff;\u000a\u0009border-collapse: collapse;\u000a\u0009border-spacing: 0;\u000a\u0009margin: 0 auto;\u000a\u0009width: 99%;\u000a}\u000atable.wiki-admin th {\u000a\u0009background-color: #d8d8e7;\u000a\u0009border: 1px solid #fff;\u000a\u0009text-align: center;\u000a\u0009padding: 5px;\u000a}\u000atable.wiki-admin th.first {\u000a\u0009width: 250px;\u000a}\u000atable.wiki-admin td {\u000a\u0009border-bottom: 1px solid #fff;\u000a\u0009padding: 5px;\u000a}\u000a.inherited-role {\u000a\u0009color: #cc0000;\u000a}\u000a.noborder {\u000a\u0009border: none !important;\u000a}\u000a.center {\u000a\u0009text-align: center;\u000a}\u000adiv.row {\u000a\u0009clear: right;\u000a\u0009padding: 5px 7px;\u000a}\u000a.admin div.row {\u000a\u0009background-color: #e9e9e9;\u000a\u0009border-top: 1px solid #fff;\u000a}\u000adiv.row span {\u000a\u0009display: inline-block;\u000a\u0009vertical-align: top;\u000a\u0009text-align: left;\u000a\u0009padding-left: 5px;\u000a}\u000adiv.row label {\u000a\u0009display: inline-block;\u000a\u0009text-align: left;\u000a\u0009width: 240px;\u000a\u0009font-weight: bold;\u000a}\u000adiv.row span.form-button {\u000a\u0009margin-left: 240px;\u000a}\u000adiv.row .formhelp {\u000a\u0009padding-top: 3px;\u000a}\u000adiv.rowhelp {\u000a\u0009border: 1px solid #e9e9e9;\u000a\u0009margin: 10px;\u000a\u0009padding: 5px 10px;\u000a}\u000a.translationElement label {\u000a\u0009vertical-align: top;\u000a\u0009padding: 3px;\u000a\u0009width: auto;\u000a\u0009overflow: hidden;\u000a}\u000adiv.row label.nonblock {\u000a\u0009display: inherit;\u000a\u0009text-align: inherit;\u000a\u0009width: auto;\u000a\u0009font-weight: inherit;\u000a}\u000adiv.callout {\u000a\u0009border: 1px solid #e9e9e9;\u000a\u0009margin: 10px;\u000a\u0009padding: 10px;\u000a}\u000adiv.callout input {\u000a\u0009margin-right: 20px;\u000a}\u000a.expander {\u000a\u0009display: none;\u000a}\u000a.expander-open {\u000a\u0009display: block !important;\u000a}\u000a.manage-expander {\u000a\u0009padding: 5px;\u000a}\u000a.manage-expander-open {\u000a\u0009height: auto !important;\u000a}\u000a.manage-expander > label {\u000a\u0009cursor: pointer;\u000a\u0009font-weight: bold;\u000a}\u000a.manage-expander > label:before {\u000a\u0009content:url("../images/arrow-right.png");\u000a}\u000a.manage-expander-open > label:before {\u000a\u0009content:url("../images/arrow-down.png");\u000a}\u000a.manage-expander > ul {\u000a\u0009display: none;\u000a\u0009margin-top: 10px;\u000a}\u000a.manage-expander-open > ul {\u000a\u0009display: block !important;\u000a}\u000a.captcha {\u000a\u0009padding: 5px 0;\u000a}\u000a.captcha-label {\u000a\u0009padding: 5px 0;\u000a}\u000a#manage div.row label, #move div.row label, #register div.row label {\u000a\u0009width: 180px;\u000a}\u000a#manage div.row span.form-button, #move div.row span.form-button, #register div.row span.form-button {\u000a\u0009margin-left: 180px;\u000a}\u000a#translation div.row label {\u000a\u0009font-weight: normal;\u000a}\u000a#login div.row label {\u000a\u0009width: 100px;\u000a}\u000a#login div.row span.form-button {\u000a\u0009margin-left: 100px;\u000a}\u000a#antispam-container {\u000a\u0009display: none;\u000a}',1,'0.0.0.0','2016-10-14 21:58:59.076000',1,NULL,14272,NULL)
